<?xml version="1.0" encoding="UTF-8"?>
<!-- Generated by org.testng.reporters.JUnitReportReporter -->
<testsuite hostname="DESKTOP-SFQQR9U" failures="0" tests="1" name="com.spotify.tests.CreateGetAndUpdatePlaylistClass" time="4.129" errors="0" timestamp="2024-08-14T08:48:28 IST" skipped="0">
  <testcase classname="com.spotify.tests.CreateGetAndUpdatePlaylistClass" name="createPlayListMethod" time="4.129"/>
  <system-out/>
</testsuite> <!-- com.spotify.tests.CreateGetAndUpdatePlaylistClass -->
